<?xml version="1.0" encoding="UTF-8"?>
<!-- Generated by org.testng.reporters.JUnitReportReporter -->
<testsuite hostname="LAPTOP-UGO3DSVO" failures="0" tests="1" name="qsp.TestNgDemo" time="0.015" errors="0" timestamp="2022-10-27T11:35:23 IST" skipped="0">
  <testcase classname="qsp.TestNgDemo" name="testDemo" time="0.015"/>
  <system-out>
    <![CDATA[WelCome to TestNG]]>
  </system-out>
</testsuite> <!-- qsp.TestNgDemo -->
