<?xml version="1.0" encoding="UTF-8"?>
<!-- Generated by org.testng.reporters.JUnitReportReporter -->
<testsuite hostname="LAPTOP-UGO3DSVO" failures="0" tests="1" name="com.actitimeproject.testscript.DeleteCustomer" time="23.253" errors="0" timestamp="2022-11-06T07:25:37 IST" skipped="0">
  <testcase classname="com.actitimeproject.testscript.DeleteCustomer" name="deleteCustomer" time="23.253"/>
  <system-out/>
</testsuite> <!-- com.actitimeproject.testscript.DeleteCustomer -->
