<?xml version="1.0" encoding="UTF-8"?>
<!-- Generated by org.testng.reporters.JUnitReportReporter -->
<testsuite hostname="LAPTOP-UGO3DSVO" failures="0" tests="1" name="com.actitime.script.TestMethod" time="23.444" errors="0" timestamp="2022-11-02T18:34:49 IST" skipped="0">
  <testcase classname="com.actitime.script.TestMethod" name="validLogin" time="23.444"/>
  <system-out/>
</testsuite> <!-- com.actitime.script.TestMethod -->
