<?xml version="1.0" encoding="UTF-8"?>
<!-- Generated by org.testng.reporters.JUnitReportReporter -->
<testsuite hostname="LAPTOP-UGO3DSVO" failures="0" tests="1" name="com.actitime.script.TestDemo" time="0.016" errors="0" timestamp="2022-10-27T11:46:04 IST" skipped="0">
  <testcase classname="com.actitime.script.TestDemo" name="testDemo" time="0.016"/>
  <system-out>
    <![CDATA[WelCome to TestNG]]>
  </system-out>
</testsuite> <!-- com.actitime.script.TestDemo -->
