<?xml version="1.0" encoding="UTF-8"?>
<!-- Generated by org.testng.reporters.JUnitReportReporter -->
<testsuite hostname="LAPTOP-UGO3DSVO" failures="0" tests="4" name="com.actitime.script.CustomerModule2" time="0.019" errors="0" timestamp="2022-10-27T17:41:26 IST" skipped="0">
  <testcase classname="com.actitime.script.CustomerModule2" name="RegisterCustomer" time="0.004"/>
  <system-out>
    <![CDATA[registercustomer]]>
  </system-out>
  <testcase classname="com.actitime.script.CustomerModule2" name="DeleteCustomer" time="0.011"/>
  <system-out>
    <![CDATA[deletecustomer]]>
  </system-out>
  <testcase classname="com.actitime.script.CustomerModule2" name="EditCustomer" time="0.002"/>
  <system-out>
    <![CDATA[editcustomer]]>
  </system-out>
  <testcase classname="com.actitime.script.CustomerModule2" name="EditCustomer" time="0.002"/>
  <system-out>
    <![CDATA[editcustomer]]>
  </system-out>
</testsuite> <!-- com.actitime.script.CustomerModule2 -->
