<?xml version="1.0" encoding="UTF-8"?>
<!-- Generated by org.testng.reporters.JUnitReportReporter -->
<testsuite hostname="LAPTOP-UGO3DSVO" failures="0" tests="1" name="com.actitime.script.CustomerModule" time="12.444" errors="0" timestamp="2022-10-28T17:53:03 IST" skipped="0">
  <testcase classname="com.actitime.script.CustomerModule" name="CreateCustomer" time="12.444"/>
  <system-out>
    <![CDATA[CreateCustomer]]>
  </system-out>
</testsuite> <!-- com.actitime.script.CustomerModule -->
